"../../../Engine/Content/EngineMaterials/T_Default_Material_Grid_N.uasset" 0
"../../../Engine/Content/EngineMaterials/T_Default_Material_Grid_M.uasset" 1
"../../../Engine/Content/Functions/Engine_MaterialFunctions01/Opacity/CameraDepthFade.uasset" 2
"../../../Engine/Content/EngineMaterials/WorldGridMaterial.uasset" 3
"../../../Engine/Content/ArtTools/RenderToTexture/Meshes/S_1_Unit_Plane.uasset" 4
"../../../Engine/Content/EngineMaterials/DefaultMaterial.uasset" 5
"../../../Engine/Content/BasicShapes/Cone.uasset" 6
"../../../Engine/Content/BasicShapes/Plane.uasset" 7
"../../../Engine/Content/BasicShapes/Sphere.uasset" 8
"../../../Engine/Content/EditorLandscapeResources/DataLayer.uasset" 9
"../../../Engine/Content/EditorLandscapeResources/DefaultAlphaTexture.uasset" 10
"../../../Engine/Content/EditorMaterials/MAT_Groups_Toggle.uasset" 11
"../../../Engine/Content/EditorMaterials/MAT_Groups_Visibility.uasset" 12
"../../../Engine/Content/EditorMaterials/PreviewShadowIndicator.uasset" 13
"../../../Engine/Content/EditorMaterials/PreviewShadowIndicatorMaterial.uasset" 14
"../../../Engine/Content/EditorMaterials/MatineeGroups/MAT_ColorTrack.uasset" 15
"../../../Engine/Content/EditorMaterials/MatineeGroups/MAT_Groups_Anim.uasset" 16
"../../../Engine/Content/EditorMaterials/MatineeGroups/MAT_Groups_AudioMaster.uasset" 17
"../../../Engine/Content/EditorMaterials/MatineeGroups/MAT_Groups_Director.uasset" 18
"../../../Engine/Content/EditorMaterials/MatineeGroups/MAT_Groups_Event.uasset" 19
"../../../Engine/Content/EditorMaterials/MatineeGroups/MAT_Groups_Fade.uasset" 20
"../../../Engine/Content/EditorMaterials/MatineeGroups/MAT_Groups_Float.uasset" 21
"../../../Engine/Content/EditorMaterials/MatineeGroups/MAT_Groups_Move.uasset" 22
"../../../Engine/Content/EditorMaterials/MatineeGroups/MAT_Groups_Slomo.uasset" 23
"../../../Engine/Content/EditorMaterials/MatineeGroups/MAT_Groups_Sound.uasset" 24
"../../../Engine/Content/EditorMaterials/MatineeGroups/MAT_Groups_Vector.uasset" 25
"../../../Engine/Content/EditorMaterials/ParticleSystems/PSysThumbnail_NoImage.uasset" 26
"../../../Engine/Content/EditorMaterials/ParticleSystems/PSysThumbnail_OOD.uasset" 27
"../../../Engine/Content/EditorMaterials/Camera/CineMat.uasset" 28
"../../../Engine/Content/EditorMaterials/Camera/MI_CineMat_Rig.uasset" 29
"../../../Engine/Content/EditorMeshes/Camera/SM_CraneRig_Arm.uasset" 30
"../../../Engine/Content/EditorMeshes/Camera/SM_CraneRig_Base.uasset" 31
"../../../Engine/Content/EditorMeshes/Camera/SM_CraneRig_Body.uasset" 32
"../../../Engine/Content/EditorMeshes/Camera/SM_CraneRig_Mount.uasset" 33
"../../../Engine/Content/EditorMeshes/Camera/SM_RailRig_Mount.uasset" 34
"../../../Engine/Content/EditorMeshes/Camera/SM_RailRig_Track.uasset" 35
"../../../Engine/Content/EditorResources/BSPVertex.uasset" 36
"../../../Engine/Content/EditorResources/EmptyActor.uasset" 37
"../../../Engine/Content/EditorResources/S_Actor.uasset" 38
"../../../Engine/Content/EditorResources/S_Note.uasset" 39
"../../../Engine/Content/EditorResources/S_Solver.uasset" 40
"../../../Engine/Content/EditorResources/S_Terrain.uasset" 41
"../../../Engine/Content/EditorResources/S_Trigger.uasset" 42
"../../../Engine/Content/EditorResources/LightIcons/S_LightError.uasset" 43
"../../../Engine/Content/EditorResources/SequenceRecorder/Countdown.uasset" 44
"../../../Engine/Content/EditorResources/SequenceRecorder/RecordingIndicator.uasset" 45
"../../../Engine/Content/EngineDamageTypes/DmgTypeBP_Environmental.uasset" 46
"../../../Engine/Content/EngineDebugMaterials/DebugEditorMaterial.uasset" 47
"../../../Engine/Content/EngineDebugMaterials/DebugMeshMaterial.uasset" 48
"../../../Engine/Content/EngineDebugMaterials/M_SimpleUnlitTranslucent.uasset" 49
"../../../Engine/Content/EngineDebugMaterials/VolumeToRender.uasset" 50
"../../../Engine/Content/Functions/Engine_MaterialFunctions02/Utility/CameraDirectionVector.uasset" 51
"../../../Engine/Content/EngineDebugMaterials/M_VolumeRenderSphereTracePP.uasset" 52
"../../../Engine/Content/Functions/Engine_MaterialFunctions01/Shading/ConvertFromDiffSpec.uasset" 53
"../../../Engine/Content/EngineDebugMaterials/VertexColorMaterial.uasset" 54
"../../../Engine/Content/EngineDebugMaterials/WireframeMaterial.uasset" 55
"../../../Engine/Content/EngineFonts/Faces/RobotoRegular.uasset" 56
"../../../Engine/Content/EngineFonts/Faces/RobotoLight.uasset" 57
"../../../Engine/Content/EngineFonts/Faces/RobotoItalic.uasset" 58
"../../../Engine/Content/EngineFonts/Faces/RobotoBoldItalic.uasset" 59
"../../../Engine/Content/EngineFonts/Faces/RobotoBold.uasset" 60
"../../../Engine/Content/EngineFonts/Faces/DroidSansFallback.uasset" 61
"../../../Engine/Content/EngineFonts/Roboto.uasset" 62
"../../../Engine/Content/EngineMaterials/BaseFlattenNormalMap.uasset" 63
"../../../Engine/Content/EngineMaterials/BaseFlattenGrayscaleMap.uasset" 64
"../../../Engine/Content/EngineMaterials/BaseFlattenEmissiveMap.uasset" 65
"../../../Engine/Content/EngineMaterials/BaseFlattenDiffuseMap.uasset" 66
"../../../Engine/Content/EngineMaterials/BaseFlattenMaterial.uasset" 67
"../../../Engine/Content/EngineMaterials/BlueNoise.uasset" 68
"../../../Engine/Content/EngineMaterials/DefaultBloomKernel.uasset" 69
"../../../Engine/Content/EngineMaterials/DefaultBokeh.uasset" 70
"../../../Engine/Content/EngineMaterials/DefaultDiffuse.uasset" 71
"../../../Engine/Content/EngineMaterials/DefaultDeferredDecalMaterial.uasset" 72
"../../../Engine/Content/EngineMaterials/DefaultLightFunctionMaterial.uasset" 73
"../../../Engine/Content/EngineMaterials/DefaultPhysicalMaterial.uasset" 74
"../../../Engine/Content/Functions/Engine_MaterialFunctions02/Utility/BreakOutFloat2Components.uasset" 75
"../../../Engine/Content/EngineMaterials/DefaultPostProcessMaterial.uasset" 76
"../../../Engine/Content/EngineFonts/RobotoDistanceField.uasset" 77
"../../../Engine/Content/EngineMaterials/DefaultTextMaterialOpaque.uasset" 78
"../../../Engine/Content/EngineMaterials/DefaultWhiteGrid.uasset" 79
"../../../Engine/Content/EngineMaterials/DefaultWhiteGrid_Low.uasset" 80
"../../../Engine/Content/EngineMaterials/EmissiveMeshMaterial.uasset" 81
"../../../Engine/Content/EngineMaterials/GizmoMaterial.uasset" 82
"../../../Engine/Content/EngineMaterials/Good64x64TilingNoiseHighFreq.uasset" 83
"../../../Engine/Content/EngineMaterials/MiniFont.uasset" 84
"../../../Engine/Content/EngineMaterials/InvalidLightmapSettings.uasset" 85
"../../../Engine/Content/EngineMaterials/M_InvalidLightmapSettings.uasset" 86
"../../../Engine/Content/Functions/Engine_MaterialFunctions02/WorldPositionOffset/CameraOffset.uasset" 87
"../../../Engine/Content/EngineMaterials/PhAT_JointLimitMaterial.uasset" 88
"../../../Engine/Content/EngineMaterials/PreintegratedSkinBRDF.uasset" 89
"../../../Engine/Content/EngineMaterials/RemoveSurfaceMaterial.uasset" 90
"../../../Engine/Content/EngineMaterials/WeightMapPlaceholderTexture.uasset" 91
"../../../Engine/Content/EngineResources/WhiteSquareTexture.uasset" 92
"../../../Engine/Content/EngineMaterials/Widget3DPassThrough.uasset" 93
"../../../Engine/Content/EngineMaterials/Widget3DPassThrough_Masked.uasset" 94
"../../../Engine/Content/EngineMaterials/Widget3DPassThrough_Opaque.uasset" 95
"../../../Engine/Content/EngineMaterials/Widget3DPassThrough_Masked_OneSided.uasset" 96
"../../../Engine/Content/EngineMaterials/Widget3DPassThrough_Opaque_OneSided.uasset" 97
"../../../Engine/Content/EngineMaterials/Widget3DPassThrough_Translucent.uasset" 98
"../../../Engine/Content/EngineMaterials/Widget3DPassThrough_Translucent_OneSided.uasset" 99
"../../../Engine/Content/EngineMeshes/Cylinder.uasset" 100
"../../../Engine/Content/EngineMeshes/Sphere.uasset" 101
"../../../Engine/Content/EngineResources/Black.uasset" 102
"../../../Engine/Content/EngineResources/DefaultTextureCube.uasset" 103
"../../../Engine/Content/EngineResources/DefaultVolumeTexture2D.uasset" 104
"../../../Engine/Content/EngineResources/DefaultVolumeTexture.uasset" 105
"../../../Engine/Content/EngineResources/GradientTexture0.uasset" 106
"../../../Engine/Content/EngineSky/VolumetricClouds/T_NoiseShape64.uasset" 107
"../../../Engine/Content/EngineSky/VolumetricClouds/T_VolumeNoiseShape64.uasset" 108
"../../../Engine/Content/EngineSky/VolumetricClouds/T_NoiseErosion.uasset" 109
"../../../Engine/Content/EngineSky/VolumetricClouds/T_VolumeNoiseErosion32.uasset" 110
"../../../Engine/Content/EngineSky/VolumetricClouds/CloudWeatherTexture.uasset" 111
"../../../Engine/Content/EngineSky/VolumetricClouds/CloudGradientTexture.uasset" 112
"../../../Engine/Content/Functions/Engine_MaterialFunctions02/Utility/MakeFloat2.uasset" 113
"../../../Engine/Content/EngineSky/VolumetricClouds/m_SimpleVolumetricCloud.uasset" 114
"../../../Engine/Content/EngineSky/VolumetricClouds/m_SimpleVolumetricCloud_Inst.uasset" 115
"../../../Engine/Content/EngineSounds/Master.uasset" 116
"../../../Engine/Content/Functions/Engine_MaterialFunctions01/Shading/PowerToRoughness.uasset" 117
"../../../Engine/Content/Maps/Templates/Thumbnails/Default.uasset" 118
"../../../Engine/Content/Maps/Templates/Thumbnails/TimeOfDay.uasset" 119
"../../../Engine/Content/Maps/Templates/Thumbnails/VR-Basic.uasset" 120
"../../../Engine/Content/MobileResources/T_MobileControls_texture.uasset" 121
"../../../Engine/Content/MobileResources/T_MobileMenu2.uasset" 122
"../../../Engine/Content/MobileResources/HUD/AnalogHat.uasset" 123
"../../../Engine/Content/MobileResources/HUD/VirtualJoystick_Thumb.uasset" 124
"../../../Engine/Content/MobileResources/HUD/VirtualJoystick_Background.uasset" 125
"../../../Engine/Content/MobileResources/HUD/DefaultVirtualJoysticks.uasset" 126
"../../../Engine/Content/MobileResources/HUD/LeftVirtualJoystickOnly.uasset" 127
"../../../Engine/Content/MobileResources/HUD/MobileHUDButton1_off.uasset" 128
"../../../Engine/Content/MobileResources/HUD/MobileHUDButton1_on.uasset" 129
"../../../Engine/Content/MobileResources/HUD/MobileHUDButton2_off.uasset" 130
"../../../Engine/Content/MobileResources/HUD/MobileHUDButton2_on.uasset" 131
"../../../Engine/Content/MobileResources/HUD/MobileHUDButton3.uasset" 132
"../../../Engine/Content/MobileResources/HUD/MobileHUDButtonFire.uasset" 133
"../../../Engine/Content/MobileResources/HUD/MobileHUDDirectionPad.uasset" 134
"../../../Engine/Content/MobileResources/HUD/MobileHUDDirectionPad2.uasset" 135
"../../../Engine/Content/MobileResources/HUD/MobileHUDDirectionPad3.uasset" 136
"../../../Engine/Content/MobileResources/HUD/MobileHUDDirectionStick.uasset" 137
"../../../Engine/Content/MobileResources/HUD/T_Castle_ThumbstickInner.uasset" 138
"../../../Engine/Content/MobileResources/HUD/T_Castle_ThumbstickOutter.uasset" 139
"../../../Engine/Content/Tutorial/ContentIntroCurve.uasset" 140
"../../../Engine/Content/Tutorial/Basics/LevelEditorAttract.uasset" 141
"../../../Engine/Content/Tutorial/BlueprintTutorials/TutorialAssets/Blueprint_64x.uasset" 142
"../../../Engine/Content/Tutorial/BlueprintTutorials/BlueprintEditorTutorial.uasset" 143
"../../../Engine/Content/VREditor/TransformGizmo/TranslucentTransformGizmoMaterial.uasset" 144
"../../../Engine/Content/VREditor/LaserPointer/VR_LaserPower_01.uasset" 145
"../../../Engine/Content/VREditor/TransformGizmo/TransformGizmoMaterial.uasset" 146
"../../../Engine/Content/VREditor/TransformGizmo/BoundingBoxCorner.uasset" 147
"../../../Engine/Content/VREditor/TransformGizmo/BoundingBoxEdge.uasset" 148
"../../../Engine/Content/VREditor/TransformGizmo/PlaneTranslationHandle.uasset" 149
"../../../Engine/Content/VREditor/TransformGizmo/Xray.uasset" 150
"../../../Engine/Content/VREditor/TransformGizmo/Main.uasset" 151
"../../../Engine/Content/VREditor/TransformGizmo/SM_Sequencer_Key.uasset" 152
"../../../Engine/Content/VREditor/TransformGizmo/SM_Sequencer_Node.uasset" 153
"../../Plugins/2D/Paper2D/Content/PlaceholderTextures/DummySpriteTexture.uasset" 154
"../../Plugins/2D/Paper2D/Content/DummySprite.uasset" 155
"../../Plugins/2D/Paper2D/Content/DefaultPaperTerrainMaterial.uasset" 156
"../../Plugins/2D/Paper2D/Content/DefaultSpriteMaterial.uasset" 157
"../../Plugins/2D/Paper2D/Content/MaskedUnlitSpriteMaterial.uasset" 158
"../../Plugins/2D/Paper2D/Content/OpaqueUnlitSpriteMaterial.uasset" 159
"../../../Engine/Content/Functions/Engine_MaterialFunctions02/Utility/BreakOutFloat3Components.uasset" 160
"../../Plugins/Editor/SpeedTreeImporter/Content/SpeedTree9/UnpackInteger3.uasset" 161
"../../Plugins/Editor/SpeedTreeImporter/Content/SpeedTree9/UnpackDirection.uasset" 162
"../../Plugins/Editor/SpeedTreeImporter/Content/SpeedTree9/game_wind_noise.uasset" 163
"../../../Engine/Content/Functions/Engine_MaterialFunctions02/SafeNormalize.uasset" 164
"../../Plugins/Editor/SpeedTreeImporter/Content/SpeedTree9/SpeedTreeWindMotion.uasset" 165
"../../Plugins/Editor/SpeedTreeImporter/Content/SpeedTree9/SpeedTreeBranchMotion.uasset" 166
"../../../Engine/Content/Functions/Engine_MaterialFunctions02/ObjectLocalBounds.uasset" 167
"../../../Engine/Content/Functions/Engine_MaterialFunctions02/UVs/BoundingBoxBased_0-1_UVW.uasset" 168
"../../Plugins/Editor/SpeedTreeImporter/Content/SpeedTree9/SpeedTreeWind.uasset" 169
"../../Plugins/Editor/SpeedTreeImporter/Content/SpeedTree9/SpeedTreeBillboard.uasset" 170
"../../../Engine/Content/EngineResources/DefaultTexture.uasset" 171
"../../Plugins/Editor/SpeedTreeImporter/Content/SpeedTree9/SpeedTreeBillboardMaster.uasset" 172
"../../Plugins/Editor/SpeedTreeImporter/Content/SpeedTree9/SpeedTreeCameraFacing.uasset" 173
"../../Plugins/Editor/SpeedTreeImporter/Content/SpeedTree9/SpeedTreeMaster.uasset" 174
"../../../Engine/Content/BasicShapes/Cylinder.uasset" 175
"../../../Engine/Content/ArtTools/RenderToTexture/Materials/Debug/M_Emissive_Color.uasset" 176
"../../Plugins/Lumin/MagicLeapPassableWorld/Content/MagicLeapARPinInfoActor.uasset" 177
"../../../Engine/Content/Functions/Engine_MaterialFunctions02/Utility/BreakOutFloat4Components.uasset" 178
"../../../Engine/Content/Functions/Engine_MaterialFunctions02/Utility/MakeFloat3.uasset" 179
"../../Plugins/Runtime/Oculus/OculusVR/Content/Materials/OculusMR_ChromaKey.uasset" 180
"../../Plugins/Runtime/Oculus/OculusVR/Content/Materials/OculusMR_OpaqueColoredMaterial.uasset" 181
"../../Plugins/Runtime/Oculus/OculusVR/Content/Materials/PokeAHoleMaterial.uasset" 182
"../../../Engine/Content/EngineSky/T_Sky_Blue.uasset" 183
"../../../Engine/Content/EngineSky/T_Sky_Clouds_M.uasset" 184
"../../../Engine/Content/EngineSky/T_Sky_Stars.uasset" 185
"../../../Engine/Content/EngineSky/M_Sky_Panning_Clouds2.uasset" 186
"../../../Engine/Content/EngineSky/SM_SkySphere.uasset" 187
"../../../Engine/Content/EngineSky/C_Sky_Zenith_Color.uasset" 188
"../../../Engine/Content/EngineSky/C_Sky_Horizon_Color.uasset" 189
"../../../Engine/Content/EngineSky/C_Sky_Cloud_Color.uasset" 190
"../../../Engine/Content/EditorBlueprintResources/StandardMacros.uasset" 191
"../../../Engine/Content/EngineSky/BP_Sky_Sphere.uasset" 192
"../../../Engine/Content/BasicShapes/Cube.uasset" 193
"../../../../Unreal Projects/pirates/piratejam/Content/StarterContent/Textures/T_Metal_Gold_D.uasset" 194
"../../../../Unreal Projects/pirates/piratejam/Content/StarterContent/Textures/T_Metal_Gold_N.uasset" 195
"../../../../Unreal Projects/pirates/piratejam/Content/StarterContent/Textures/T_MacroVariation.uasset" 196
"../../../../Unreal Projects/pirates/piratejam/Content/StarterContent/Materials/M_Metal_Gold.uasset" 197
"../../../../Unreal Projects/pirates/piratejam/Content/SpawnPoint.uasset" 198
"../../../../Unreal Projects/pirates/piratejam/Content/UI/border.uasset" 199
"../../../../Unreal Projects/pirates/piratejam/Content/UI/viewport.uasset" 200
"../../../../Unreal Projects/pirates/piratejam/Content/UI/WonderType-Regular.uasset" 201
"../../../../Unreal Projects/pirates/piratejam/Content/UI/WonderType-Regular_Font.uasset" 202
"../../../../Unreal Projects/pirates/piratejam/Content/UI/stored_booty.uasset" 203
"../../../../Unreal Projects/pirates/piratejam/Content/UI/held_booty.uasset" 204
"../../../../Unreal Projects/pirates/piratejam/Content/UI/booty_totals.uasset" 205
"../../../../Unreal Projects/pirates/piratejam/Content/UI/player_ui.uasset" 206
"../../../../Unreal Projects/pirates/piratejam/Content/StarterContent/Audio/Explosion01.uasset" 207
"../../../../Unreal Projects/pirates/piratejam/Content/Sounds/stab.uasset" 208
"../../../../Unreal Projects/pirates/piratejam/Content/Sounds/stab_Cue.uasset" 209
"../../../../Unreal Projects/pirates/piratejam/Content/Sounds/ooh.uasset" 210
"../../../../Unreal Projects/pirates/piratejam/Content/Sounds/ooh_Cue.uasset" 211
"../../../../Unreal Projects/pirates/piratejam/Content/Sounds/lunge.uasset" 212
"../../../../Unreal Projects/pirates/piratejam/Content/Sounds/lunge_Cue.uasset" 213
"../../../../Unreal Projects/pirates/piratejam/Content/Sounds/lootDrop.uasset" 214
"../../../../Unreal Projects/pirates/piratejam/Content/Sounds/lootDrop_Cue.uasset" 215
"../../../../Unreal Projects/pirates/piratejam/Content/Sounds/coinGet.uasset" 216
"../../../../Unreal Projects/pirates/piratejam/Content/Sounds/coinGet_Cue.uasset" 217
"../../../../Unreal Projects/pirates/piratejam/Content/Character/Sprites/spritesheet.uasset" 218
"../../Plugins/2D/Paper2D/Content/TranslucentUnlitSpriteMaterial.uasset" 219
"../../../../Unreal Projects/pirates/piratejam/Content/Character/Sprites/spritesheet_Sprite_1.uasset" 220
"../../../../Unreal Projects/pirates/piratejam/Content/Character/Sprites/spritesheet_Sprite_0.uasset" 221
"../../../../Unreal Projects/pirates/piratejam/Content/Character/Sprites/testRun.uasset" 222
"../../../../Unreal Projects/pirates/piratejam/Content/Character/Sprites/rat/Rat-shiv.uasset" 223
"../../../../Unreal Projects/pirates/piratejam/Content/Character/Sprites/rat/Rat-shiv_Sprite.uasset" 224
"../../../../Unreal Projects/pirates/piratejam/Content/Character/Sprites/rat/rat-lunge.uasset" 225
"../../../../Unreal Projects/pirates/piratejam/Content/Character/Sprites/rat/rat-lunge_Sprite.uasset" 226
"../../../../Unreal Projects/pirates/piratejam/Content/Character/Sprites/rat/rat-lunge_Flipbook.uasset" 227
"../../../../Unreal Projects/pirates/piratejam/Content/Character/Sprites/rat/Rat-handgonne.uasset" 228
"../../../../Unreal Projects/pirates/piratejam/Content/Character/Sprites/rat/Rat-handgonne_Sprite.uasset" 229
"../../../../Unreal Projects/pirates/piratejam/Content/Character/Sprites/rat/Rat-die.uasset" 230
"../../../../Unreal Projects/pirates/piratejam/Content/Character/Sprites/rat/Rat-die_Sprite.uasset" 231
"../../../../Unreal Projects/pirates/piratejam/Content/Character/Sprites/rat/Rat-die_Flipbook.uasset" 232
"../../../../Unreal Projects/pirates/piratejam/Content/Character/Sprites/Lunge.uasset" 233
"../../../../Unreal Projects/pirates/piratejam/Content/Character/Sprites/Lunge_Sprite.uasset" 234
"../../../../Unreal Projects/pirates/piratejam/Content/Character/Sprites/Lunge_Flipbook.uasset" 235
"../../../../Unreal Projects/pirates/piratejam/Content/Character/Sprites/lemur/lemur_lunge.uasset" 236
"../../../../Unreal Projects/pirates/piratejam/Content/Character/Sprites/lemur/lemur_lunge_Sprite.uasset" 237
"../../../../Unreal Projects/pirates/piratejam/Content/Character/Sprites/lemur/lemur_lunge_Flipbook.uasset" 238
"../../../../Unreal Projects/pirates/piratejam/Content/Character/Sprites/lemur/lemur_death.uasset" 239
"../../../../Unreal Projects/pirates/piratejam/Content/Character/Sprites/lemur/lemur_death_Sprite.uasset" 240
"../../../../Unreal Projects/pirates/piratejam/Content/Character/Sprites/lemur/lemur_death_Flipbook.uasset" 241
"../../../../Unreal Projects/pirates/piratejam/Content/Character/Sprites/lemur/lemur_stand.uasset" 242
"../../../../Unreal Projects/pirates/piratejam/Content/Character/Sprites/lemur/lemur_stand_Sprite.uasset" 243
"../../../../Unreal Projects/pirates/piratejam/Content/Character/Sprites/lemur/lemur_1.uasset" 244
"../../../../Unreal Projects/pirates/piratejam/Content/Character/Sprites/lemur/lemur_1_Sprite.uasset" 245
"../../../../Unreal Projects/pirates/piratejam/Content/Character/Sprites/lemur/lemur.uasset" 246
"../../../../Unreal Projects/pirates/piratejam/Content/Character/Sprites/Death.uasset" 247
"../../../../Unreal Projects/pirates/piratejam/Content/Character/Sprites/Death_Sprite.uasset" 248
"../../../../Unreal Projects/pirates/piratejam/Content/Character/Sprites/Death_Flipbook.uasset" 249
"../../../../Unreal Projects/pirates/piratejam/Content/Character/Sprites/croc/gator_pirate_game.uasset" 250
"../../../../Unreal Projects/pirates/piratejam/Content/Character/Sprites/croc/gator_pirate_game_Sprite.uasset" 251
"../../../../Unreal Projects/pirates/piratejam/Content/Character/Sprites/croc/gator_pirate_game_run.uasset" 252
"../../../../Unreal Projects/pirates/piratejam/Content/Character/Sprites/croc/gator_pirate_game_run_Sprite.uasset" 253
"../../../../Unreal Projects/pirates/piratejam/Content/Character/Sprites/croc/gator_pirate_game_run_Flipbook.uasset" 254
"../../../../Unreal Projects/pirates/piratejam/Content/Character/Sprites/croc/gator_pirate_game_lunge.uasset" 255
"../../../../Unreal Projects/pirates/piratejam/Content/Character/Sprites/croc/gator_pirate_game_lunge_Sprite.uasset" 256
"../../../../Unreal Projects/pirates/piratejam/Content/Character/Sprites/croc/gator_pirate_game_lunge_Flipbook.uasset" 257
"../../../../Unreal Projects/pirates/piratejam/Content/Character/Sprites/croc/gator_pirate_game_death.uasset" 258
"../../../../Unreal Projects/pirates/piratejam/Content/Character/Sprites/croc/gator_pirate_game_death_Sprite.uasset" 259
"../../../../Unreal Projects/pirates/piratejam/Content/Character/Sprites/croc/gator_pirate_game_death_Flipbook.uasset" 260
"../../../../Unreal Projects/pirates/piratejam/Content/Character/reloadUI/reload_spritesheet.uasset" 261
"../../../../Unreal Projects/pirates/piratejam/Content/Character/reloadUI/reload_spritesheet_Sprite_7.uasset" 262
"../../../../Unreal Projects/pirates/piratejam/Content/Character/reloadUI/reload_spritesheet_Sprite_6.uasset" 263
"../../../../Unreal Projects/pirates/piratejam/Content/Character/reloadUI/reload_spritesheet_Sprite_5.uasset" 264
"../../../../Unreal Projects/pirates/piratejam/Content/Character/reloadUI/reload_spritesheet_Sprite_4.uasset" 265
"../../../../Unreal Projects/pirates/piratejam/Content/Character/reloadUI/reload_spritesheet_Sprite_3.uasset" 266
"../../../../Unreal Projects/pirates/piratejam/Content/Character/reloadUI/reload_spritesheet_Sprite_2.uasset" 267
"../../../../Unreal Projects/pirates/piratejam/Content/Character/reloadUI/reload_spritesheet_Sprite_1.uasset" 268
"../../../../Unreal Projects/pirates/piratejam/Content/Character/reloadUI/reload_spritesheet_Sprite_0.uasset" 269
"../../../../Unreal Projects/pirates/piratejam/Content/Character/reloadUI/reload_flipbook.uasset" 270
"../../../../Unreal Projects/pirates/piratejam/Content/Character/Sprites/rat/rat_spritesheet.uasset" 271
"../../../../Unreal Projects/pirates/piratejam/Content/Character/Sprites/rat/rat_spritesheet_Sprite_1.uasset" 272
"../../../../Unreal Projects/pirates/piratejam/Content/Character/Sprites/rat/rat_spritesheet_Sprite_0.uasset" 273
"../../../../Unreal Projects/pirates/piratejam/Content/Character/Sprites/rat/rat_run.uasset" 274
"../../../../Unreal Projects/pirates/piratejam/Content/Character/Sprites/Bullet.uasset" 275
"../../../../Unreal Projects/pirates/piratejam/Content/Character/Bullet.uasset" 276
"../../../../Unreal Projects/pirates/piratejam/Content/Character/PlayerBP.uasset" 277
"../../../../Unreal Projects/pirates/piratejam/Content/Items/Sprites/Treasure1.uasset" 278
"../../../../Unreal Projects/pirates/piratejam/Content/Items/Sprites/Treasure1_Sprite.uasset" 279
"../../../../Unreal Projects/pirates/piratejam/Content/Items/Sprites/Treasure2.uasset" 280
"../../../../Unreal Projects/pirates/piratejam/Content/Items/Sprites/Treasure2_Sprite.uasset" 281
"../../../../Unreal Projects/pirates/piratejam/Content/Items/Sprites/Treasure4.uasset" 282
"../../../../Unreal Projects/pirates/piratejam/Content/Items/Sprites/Treasure4_Sprite.uasset" 283
"../../../../Unreal Projects/pirates/piratejam/Content/Items/Sprites/Treasure3.uasset" 284
"../../../../Unreal Projects/pirates/piratejam/Content/Items/Sprites/Treasure3_Sprite.uasset" 285
"../../../../Unreal Projects/pirates/piratejam/Content/Treasure.uasset" 286
"../../../../Unreal Projects/pirates/piratejam/Content/Sounds/roundWhistle.uasset" 287
"../../../../Unreal Projects/pirates/piratejam/Content/PirateGameMode.uasset" 288
"../../../../Unreal Projects/pirates/piratejam/Content/Props/Palmtree1-colour-outline.uasset" 289
"../../../../Unreal Projects/pirates/piratejam/Content/Props/Palmtree1-colour-outline_Sprite.uasset" 290
"../../../../Unreal Projects/pirates/piratejam/Content/GameMap_BuiltData.uasset" 291
"../../../Engine/Content/BasicShapes/BasicShapeMaterial.uasset" 292
"../../../../Unreal Projects/pirates/piratejam/Content/Props/floors/jungle.uasset" 293
"../../../../Unreal Projects/pirates/piratejam/Content/Props/floors/jungle_Mat.uasset" 294
"../../../../Unreal Projects/pirates/piratejam/Content/Props/floors/Obsidian_floor_texture.uasset" 295
"../../../../Unreal Projects/pirates/piratejam/Content/Props/floors/Obsidian_floor_texture_Mat.uasset" 296
"../../../../Unreal Projects/pirates/piratejam/Content/Props/floors/sand.uasset" 297
"../../../../Unreal Projects/pirates/piratejam/Content/Props/floors/sand_Mat.uasset" 298
"../../../../Unreal Projects/pirates/piratejam/Content/Props/floors/water.uasset" 299
"../../../../Unreal Projects/pirates/piratejam/Content/Props/floors/water_Mat.uasset" 300
"../../../Engine/Content/MapTemplates/SM_Template_Map_Floor.uasset" 301
"../../../../Unreal Projects/pirates/piratejam/Content/Props/Boulder1.uasset" 302
"../../../../Unreal Projects/pirates/piratejam/Content/Props/Boulder1_Sprite.uasset" 303
"../../../../Unreal Projects/pirates/piratejam/Content/Props/Chest-empty.uasset" 304
"../../../../Unreal Projects/pirates/piratejam/Content/Props/Chest-empty_Sprite.uasset" 305
"../../../../Unreal Projects/pirates/piratejam/Content/StarterContent/Materials/M_Basic_Wall.uasset" 306
"../../../../Unreal Projects/pirates/piratejam/Content/StarterContent/Shapes/Shape_Plane.uasset" 307
"../../../../Unreal Projects/pirates/piratejam/Content/UI/Timer.uasset" 308
"../../../../Unreal Projects/pirates/piratejam/Content/UI/splitscreen_border.uasset" 309
"../../../../Unreal Projects/pirates/piratejam/Content/UI/map.uasset" 310
"../../../../Unreal Projects/pirates/piratejam/Content/UI/testttettt.uasset" 311
"../../../../Unreal Projects/pirates/piratejam/Content/GameMap.umap" 312
"../../../Engine/Content/Maps/Entry_BuiltData.uasset" 313
"../../../Engine/Content/Maps/Entry.umap" 314
